Arguments: 
  /home/chelsi/.nvm/versions/node/v11.10.1/bin/node /mnt/c/Users/cocoo/AppData/Roaming/npm/node_modules/yarn/bin/yarn.js

PATH: 
  /home/chelsi/bin:/usr/local/bin:/home/chelsi/.nvm/versions/node/v11.10.1/bin:/usr/local/sbin:/usr/local/bin:/usr/sbin:/usr/bin:/sbin:/bin:/usr/games:/usr/local/games:/mnt/c/Program Files (x86)/Intel/iCLS Client:/mnt/c/Program Files/Intel/iCLS Client:/mnt/c/Windows/System32:/mnt/c/Windows:/mnt/c/Windows/System32/wbem:/mnt/c/Windows/System32/WindowsPowerShell/v1.0:/mnt/c/Program Files (x86)/NVIDIA Corporation/PhysX/Common:/mnt/c/Program Files (x86)/Intel/Intel(R) Management Engine Components/DAL:/mnt/c/Program Files/Intel/Intel(R) Management Engine Components/DAL:/mnt/c/Program Files (x86)/Intel/Intel(R) Management Engine Components/IPT:/mnt/c/Program Files/Intel/Intel(R) Management Engine Components/IPT:/mnt/c/Windows/System32:/mnt/c/Windows:/mnt/c/Windows/System32/wbem:/mnt/c/Windows/System32/WindowsPowerShell/v1.0:/mnt/c/Windows/System32/OpenSSH:/mnt/c/Program Files/Git/cmd:/mnt/c/ProgramData/chocolatey/bin:/mnt/c/Program Files/NVIDIA Corporation/NVIDIA NvDLISR:/mnt/d/nvm:/mnt/d/nodejs:/mnt/c/Ruby25-x64/bin:/mnt/c/Users/cocoo/AppData/Local/Microsoft/WindowsApps:/mnt/c/Users/cocoo/AppData/Local/Microsoft/WindowsApps:/mnt/c/Users/cocoo/bin:/mnt/c/Users/cocoo/bin:/mnt/d/Microsoft VS Code/bin:/mnt/c/Users/cocoo/AppData/Roaming/npm:/mnt/d/nvm:/mnt/d/nodejs:/mnt/c/Users/cocoo/AppData/Local/hyper/app-2.1.2/resources/bin:/snap/bin

Yarn version: 
  1.12.3

Node version: 
  11.10.1

Platform: 
  linux x64

Trace: 
  Error: ENOENT: no such file or directory, copyfile '/tmp/.yarn-cache-1000/v4/npm-@babel-plugin-proposal-unicode-property-regex-7.2.0-abe7281fe46c95ddc143a65e5358647792039520/node_modules/@babel/plugin-proposal-unicode-property-regex/test/fixtures/with-unicode-flag/script-extensions/output.js' -> '/mnt/d/Chelsi/Personal Projects/nextjs-starter-dimension/node_modules/@babel/plugin-proposal-unicode-property-regex/test/fixtures/with-unicode-flag/script-extensions/output.js'

npm manifest: 
  {
    "name": "nextjs-dimension",
    "version": "1.0.0",
    "description": "",
    "main": "index.js",
    "scripts": {
      "dev": "next",
      "build": "next build",
      "start": "next start",
      "export": "next build && next export"
    },
    "keywords": [],
    "author": "",
    "license": "ISC",
    "dependencies": {
      "@fortawesome/fontawesome": "^1.1.5",
      "@fortawesome/fontawesome-free-brands": "^5.0.10",
      "@fortawesome/fontawesome-free-regular": "^5.0.10",
      "@fortawesome/react-fontawesome": "0.0.18",
      "autoprefixer": "^9.1.5",
      "babel-plugin-module-resolver": "^3.1.1",
      "babel-plugin-wrap-in-js": "^1.1.1",
      "glob": "^7.1.3",
      "postcss-easy-import": "^3.0.0",
      "postcss-loader": "^3.0.0",
      "raw-loader": "^0.5.1",
      "next": "^7.0.0",
      "node-sass": "^4.9.3",
      "react": "^16.5.2",
      "react-dom": "^16.5.2",
      "sass-loader": "^7.1.0"
    }
  }

yarn manifest: 
  No manifest

Lockfile: 
  No lockfile
